ERROR 2024-05-19 18:45:13,998 views get_provider: Number is not valid:123123123123
ERROR 2024-05-19 18:45:14,156 views get_provider: Number is not valid:123123123123
ERROR 2024-05-19 18:45:38,175 views get_provider: Number is not valid:123123123123
ERROR 2024-05-19 18:45:38,320 views get_provider: Number is not valid:123123123123
ERROR 2024-05-19 18:45:38,484 views get_provider: Number is not valid:123123123123
ERROR 2024-05-19 18:45:39,580 views get_provider: Number is not valid:123123123123123123
ERROR 2024-05-20 00:14:56,950 views get_provider number is not valid:89955431231233
ERROR 2024-05-20 00:14:57,404 views get_provider number is not valid:89955431231233
ERROR 2024-05-20 00:30:54,653 views get_provider number is not valid:9963533109123123
ERROR 2024-05-20 00:30:54,854 views get_provider number is not valid:9963533109123123
ERROR 2024-05-20 00:30:55,024 views get_provider number is not valid:9963533109123123
INFO 2024-05-20 00:35:08,716 scheduler parse_data start parsing number codes
ERROR 2024-05-20 00:35:11,530 scheduler parse_data: error with parsing data - [Errno 2] No such file or directory: 'src/number_codes/DEF-9.csv'
INFO 2024-05-20 00:36:11,564 scheduler parse_data start parsing number codes
ERROR 2024-05-20 00:36:13,582 scheduler parse_data: error with parsing data - [Errno 2] No such file or directory: 'src/number_codes/DEF-9.csv'
INFO 2024-05-20 00:37:13,609 scheduler parse_data start parsing number codes
ERROR 2024-05-20 00:37:15,106 scheduler parse_data: error with parsing data - [Errno 2] No such file or directory: 'src/number_codes/DEF-9.csv'
INFO 2024-05-20 00:38:15,140 scheduler parse_data start parsing number codes
ERROR 2024-05-20 00:38:18,081 scheduler parse_data: error with parsing data - [Errno 2] No such file or directory: 'src/number_codes/DEF-9.csv'
INFO 2024-05-20 00:39:18,113 scheduler parse_data start parsing number codes
ERROR 2024-05-20 00:39:21,241 scheduler parse_data: error with parsing data - [Errno 2] No such file or directory: 'src/number_codes/DEF-9.csv'
INFO 2024-05-20 00:40:21,276 scheduler parse_data start parsing number codes
ERROR 2024-05-20 00:40:23,709 scheduler parse_data: error with parsing data - [Errno 2] No such file or directory: 'src/number_codes/DEF-9.csv'
ERROR 2024-05-20 02:11:56,188 views get_provider number is not valid:123
ERROR 2024-05-20 02:13:00,306 views get_provider number is not valid:123
ERROR 2024-05-20 02:13:50,747 views get_provider number is not valid:123
ERROR 2024-05-20 02:15:11,895 views get_provider number is not valid:123
ERROR 2024-05-20 02:16:15,187 views get_provider number is not valid:123
ERROR 2024-05-20 02:18:03,912 views get_provider number is not valid:123
ERROR 2024-05-20 02:18:27,095 views get_provider number is not valid:123
ERROR 2024-05-20 02:23:58,217 views get_provider number is not valid:123
ERROR 2024-05-20 02:24:25,732 views get_provider number is not valid:123
ERROR 2024-05-20 02:24:56,512 views get_provider number is not valid:123
ERROR 2024-05-20 02:25:19,321 views get_provider number is not valid:123
ERROR 2024-05-20 02:26:11,754 views get_provider number is not valid:123
ERROR 2024-05-20 02:26:51,189 views get_provider number is not valid:123
ERROR 2024-05-20 02:27:56,742 views get_provider number is not valid:123
ERROR 2024-05-20 02:29:28,166 views get_provider number is not valid:123
ERROR 2024-05-20 02:32:06,171 views get_provider number is not valid:495882171.00
ERROR 2024-05-20 02:32:08,229 views get_provider number is not valid:123
ERROR 2024-05-20 02:32:10,266 views get_provider number is not valid:123123jjasd
ERROR 2024-05-20 02:32:12,311 views get_provider number is not valid:889963533111
ERROR 2024-05-20 02:32:14,356 views get_provider number is not valid:/1233
ERROR 2024-05-20 02:32:50,106 views get_provider number is not valid:4993450099.00
ERROR 2024-05-20 02:32:52,147 views get_provider number is not valid:123
ERROR 2024-05-20 02:32:54,191 views get_provider number is not valid:123123jjasd
ERROR 2024-05-20 02:32:56,239 views get_provider number is not valid:889963533111
ERROR 2024-05-20 02:32:58,279 views get_provider number is not valid:/1233
ERROR 2024-05-20 02:36:38,491 views get_provider number is not valid:123
ERROR 2024-05-20 02:36:40,534 views get_provider number is not valid:123123jjasd
ERROR 2024-05-20 02:36:42,579 views get_provider number is not valid:889963533111
ERROR 2024-05-20 02:36:44,621 views get_provider number is not valid:/1233
ERROR 2024-05-20 02:38:31,679 views get_provider number is not valid:123
ERROR 2024-05-20 02:38:33,734 views get_provider number is not valid:123123jjasd
ERROR 2024-05-20 02:38:35,788 views get_provider number is not valid:889963533111
ERROR 2024-05-20 02:38:37,829 views get_provider number is not valid:/1233
